227 5 1778 255 0 -8 0 0 0 0 0 0 
351 0 964 255 0 0 -128 -128 -128 -128 -128 -128 
430 7 624 75 2 -8 -128 -128 -128 -128 -128 -128 
590 9 1252 63 0 2 -128 -128 -128 -128 -128 -128 
709 4 925 63 0 3 -128 -128 -128 -128 -128 -128 
829 17 951 63 0 2 -3 16 9 13 30 16 
949 18 938 63 0 6 -4 11 1 4 19 -5 
1066 1 897 64 0 3 -3 11 3 6 23 0 
1188 20 972 63 0 2 -4 13 2 7 25 4 
1307 2 912 64 0 3 -4 12 3 7 27 9 
1389 9 648 64 2 4 -128 -128 -128 -128 -128 -128 
1546 19 1236 64 0 2 -128 -128 -128 -128 -128 -128 
1660 6 878 64 0 3 -128 -128 -128 -128 -128 -128 
1774 0 884 65 0 3 -9 9 8 14 27 25 
1886 -4 871 66 0 3 -7 13 9 16 28 33 
1962 2 600 66 2 4 -128 -128 -128 -128 -128 -128 
2112 24 1194 63 0 2 -128 -128 -128 -128 -128 -128 
2222 1 836 64 0 3 -128 -128 -128 -128 -128 -128 
2327 3 823 64 0 3 -6 13 12 21 33 34 
2414 9 685 70 2 4 -128 -128 -128 -128 -128 -128 
2544 18 1025 68 0 2 -128 -128 -128 -128 -128 -128 
2652 6 832 68 0 3 -128 -128 -128 -128 -128 -128 
2768 24 924 68 0 2 -11 10 5 13 47 26 
2850 12 629 68 2 4 -128 -128 -128 -128 -128 -128 
3004 32 1223 68 0 6 -128 -128 -128 -128 -128 -128 
3123 2 899 67 0 3 -128 -128 -128 -128 -128 -128 
3241 3 923 65 0 3 -6 20 11 16 23 13 
3357 6 910 64 0 3 -5 21 8 14 25 14 
3434 10 605 67 2 4 -128 -128 -128 -128 -128 -128 
3601 11 1306 61 0 2 -128 -128 -128 -128 -128 -128 
3720 21 940 61 0 2 -128 -128 -128 -128 -128 -128 
3840 -3 913 61 0 3 -5 15 11 16 36 26 
3955 7 908 65 0 3 -5 15 7 12 36 20 
4031 14 601 65 2 4 -128 -128 -128 -128 -128 -128 
4190 19 1247 61 0 2 -128 -128 -128 -128 -128 -128 
4306 25 913 61 0 2 -128 -128 -128 -128 -128 -128 
4425 -4 900 61 0 3 -9 3 11 12 27 6 
4544 27 961 65 0 2 -9 6 7 10 26 8 
4626 14 628 65 2 4 -128 -128 -128 -128 -128 -128 
4792 21 1304 61 0 2 -128 -128 -128 -128 -128 -128 
4915 27 966 60 0 2 -128 -128 -128 -128 -128 -128 
5040 26 976 59 0 6 -6 5 14 18 39 31 
5165 13 964 63 0 2 -7 5 12 17 40 29 
5294 25 1019 61 0 2 -6 4 11 17 39 27 
5422 24 999 61 0 2 -6 4 10 15 39 28 
5548 26 987 61 0 2 -5 5 9 14 38 26 
5671 2 937 61 0 3 -5 6 8 13 38 26 
5799 18 1016 61 0 2 -4 7 7 12 37 24 
5925 17 983 60 0 6 -4 7 7 12 38 24 
6046 1 929 61 0 3 -4 7 7 13 37 25 
6167 2 947 61 0 3 -4 8 7 12 36 25 
6289 -8 943 62 0 3 -5 7 6 12 36 25 
6364 1 595 62 2 4 -128 -128 -128 -128 -128 -128 
6521 26 1251 62 0 6 -128 -128 -128 -128 -128 -128 
6637 2 883 62 0 3 -128 -128 -128 -128 -128 -128 
6749 3 876 64 0 3 -4 9 9 14 28 26 
6859 26 882 65 0 6 -4 10 6 15 33 33 
6934 7 567 66 2 4 -128 -128 -128 -128 -128 -128 
7085 26 1199 63 0 6 -128 -128 -128 -128 -128 -128 
7199 4 868 64 0 3 -128 -128 -128 -128 -128 -128 
7316 -6 904 63 0 3 -3 12 11 17 32 32 
7432 28 941 67 0 2 -5 13 7 13 31 30 
7507 11 568 67 2 4 -128 -128 -128 -128 -128 -128 
7674 16 1310 63 0 6 -128 -128 -128 -128 -128 -128 
7794 -4 918 62 0 3 -128 -128 -128 -128 -128 -128 
7910 0 910 62 0 3 -4 11 8 11 32 23 
8029 32 962 65 0 2 -3 14 7 12 32 23 
8156 -4 956 64 0 3 -4 10 7 13 34 25 
8277 -4 945 63 0 3 -5 8 5 11 33 26 
8402 26 1007 63 0 2 -7 7 5 11 31 25 
8478 6 573 63 2 4 -128 -128 -128 -128 -128 -128 
8548 12 553 64 0 2 -128 -128 -128 -128 -128 -128 
8665 1 903 64 0 3 -128 -128 -128 -128 -128 -128 
8795 27 1042 63 0 2 -8 13 1 8 35 25 
8927 19 1023 62 0 2 -6 12 2 9 36 27 
9049 27 961 62 0 6 -5 11 2 9 37 28 
9172 27 961 62 0 6 -4 11 3 10 38 28 
9263 14 698 66 2 4 -128 -128 -128 -128 -128 -128 
9413 26 1184 61 0 2 -128 -128 -128 -128 -128 -128 
9532 18 922 61 0 6 -128 -128 -128 -128 -128 -128 
9648 28 916 61 0 2 -1 10 10 16 30 11 
9764 2 880 63 0 3 -1 11 7 11 32 13 
9839 6 590 65 2 4 -128 -128 -128 -128 -128 -128 
10001 26 1286 62 0 2 -128 -128 -128 -128 -128 -128 
10114 3 860 63 0 3 -128 -128 -128 -128 -128 -128 
10225 18 882 63 0 6 -9 10 8 16 38 32 
10301 16 592 67 2 4 -128 -128 -128 -128 -128 -128 
10435 2 1032 66 0 3 -128 -128 -128 -128 -128 -128 
10541 9 836 67 0 3 -128 -128 -128 -128 -128 -128 
10649 27 861 67 0 2 -4 14 5 11 34 18 
10737 8 669 67 2 4 -128 -128 -128 -128 -128 -128 
10875 24 1094 67 0 2 -128 -128 -128 -128 -128 -128 
10992 2 892 67 0 3 -128 -128 -128 -128 -128 -128 
11111 17 945 66 0 2 -6 14 2 14 41 19 
11229 3 908 65 0 3 -7 13 1 12 39 13 
11353 1 966 66 0 3 -6 14 1 10 37 14 
11478 11 987 64 0 3 -6 13 0 9 34 16 
11602 3 961 63 0 3 -6 13 1 9 38 19 
11724 12 962 62 0 2 -6 14 0 8 32 14 
11799 5 579 63 2 4 -128 -128 -128 -128 -128 -128 
11868 11 545 63 0 2 -128 -128 -128 -128 -128 -128 
11972 25 826 65 0 2 -128 -128 -128 -128 -128 -128 
12095 3 939 64 0 3 -14 7 0 11 21 14 
12217 30 980 64 0 2 -11 9 1 9 31 19 
12338 3 919 65 0 3 -8 8 5 13 31 20 
12461 16 974 65 0 2 -7 9 5 11 30 19 
12578 27 925 65 0 6 -6 8 6 12 32 19 
12694 1 880 65 0 3 -5 8 4 11 32 17 
12785 14 724 65 2 4 -128 -128 -128 -128 -128 -128 
12926 24 1111 63 0 2 -128 -128 -128 -128 -128 -128 
13040 19 886 64 0 6 -128 -128 -128 -128 -128 -128 
13151 17 865 65 0 2 -3 15 5 14 41 13 
13241 1 687 66 2 4 -128 -128 -128 -128 -128 -128 
13369 3 1002 66 0 3 -128 -128 -128 -128 -128 -128 
13480 24 889 66 0 2 -128 -128 -128 -128 -128 -128 
13589 9 836 67 0 3 -5 17 2 8 43 24 
13690 12 792 67 2 4 -128 -128 -128 -128 -128 -128 
13812 20 961 68 0 2 -128 -128 -128 -128 -128 -128 
13922 -5 835 68 0 3 -128 -128 -128 -128 -128 -128 
14034 20 900 68 0 2 -10 8 0 4 54 36 
14130 8 738 68 2 4 -128 -128 -128 -128 -128 -128 
14264 26 1065 68 0 2 -128 -128 -128 -128 -128 -128 
14378 23 887 68 0 2 -128 -128 -128 -128 -128 -128 
14491 14 874 67 0 2 -5 10 3 15 40 18 
14573 6 633 67 2 4 -128 -128 -128 -128 -128 -128 
14712 22 1102 66 0 2 -128 -128 -128 -128 -128 -128 
14820 -6 815 66 0 3 -128 -128 -128 -128 -128 -128 
14925 -6 821 67 0 3 -7 15 3 12 43 23 
15033 -2 847 67 0 3 -7 15 2 11 40 31 
15143 0 862 70 0 3 -8 12 3 12 40 34 
15256 25 908 70 0 2 -8 11 3 11 40 33 
15373 28 917 69 0 2 -7 13 4 12 40 31 
15489 -8 870 68 0 3 -6 12 4 11 39 27 
15604 26 932 68 0 2 -5 14 4 11 39 28 
15723 27 931 67 0 6 -5 13 5 12 39 26 
15840 -10 877 67 0 3 -5 13 5 12 38 24 
15957 27 951 66 0 6 -5 13 4 11 38 25 
16075 1 896 65 0 3 -4 13 5 11 38 24 
16190 26 923 65 0 6 -4 13 4 11 37 23 
16309 -3 901 65 0 3 -4 14 4 11 37 22 
16401 7 729 65 2 4 -128 -128 -128 -128 -128 -128 
16541 26 1113 65 0 2 -128 -128 -128 -128 -128 -128 
16656 28 900 66 0 6 -128 -128 -128 -128 -128 -128 
16768 -5 842 66 0 3 -4 12 5 15 40 7 
16880 27 907 66 0 2 -6 12 5 14 40 17 
16956 13 580 67 2 4 -128 -128 -128 -128 -128 -128 
17109 32 1214 64 0 6 -128 -128 -128 -128 -128 -128 
17224 24 891 64 0 2 -128 -128 -128 -128 -128 -128 
17340 19 901 64 0 6 0 16 14 19 35 21 
17420 4 610 67 2 4 -128 -128 -128 -128 -128 -128 
17570 16 1184 63 0 2 -128 -128 -128 -128 -128 -128 
17683 4 870 63 0 3 -128 -128 -128 -128 -128 -128 
17797 34 921 63 0 6 0 16 12 20 30 27 
17878 15 614 63 2 4 -128 -128 -128 -128 -128 -128 
18033 18 1214 63 0 6 -128 -128 -128 -128 -128 -128 
18149 3 891 63 0 3 -128 -128 -128 -128 -128 -128 
18269 26 961 62 0 2 -4 19 7 14 24 17 
18389 10 921 61 0 3 -5 13 7 13 29 18 
18472 16 655 66 2 4 -128 -128 -128 -128 -128 -128 
18640 13 1309 61 0 2 -128 -128 -128 -128 -128 -128 
18760 4 929 61 0 3 -128 -128 -128 -128 -128 -128 
18884 4 968 60 0 3 -6 8 10 12 37 24 
19010 -6 975 63 0 3 -7 7 8 13 36 27 
19132 24 983 62 0 2 -6 7 6 13 37 30 
19209 8 585 63 2 4 -128 -128 -128 -128 -128 -128 
19276 12 528 66 0 2 -128 -128 -128 -128 -128 -128 
19382 9 825 64 0 3 -128 -128 -128 -128 -128 -128 
19505 3 955 64 0 3 -9 14 5 18 30 29 
19630 19 992 64 0 6 -6 11 4 13 31 30 
19745 9 889 65 0 3 -4 12 3 13 31 25 
19857 5 871 66 0 3 -4 15 2 11 29 24 
19932 5 586 73 2 4 -128 -128 -128 -128 -128 -128 
20097 17 1301 66 0 2 -128 -128 -128 -128 -128 -128 
20217 1 921 65 0 3 -128 -128 -128 -128 -128 -128 
20340 5 965 63 0 3 -6 9 9 11 31 15 
20463 28 984 63 0 6 -5 10 7 10 30 17 
20578 15 886 65 2 4 -128 -128 -128 -128 -128 -128 
20711 -7 1017 63 0 3 -128 -128 -128 -128 -128 -128 
20838 2 1001 61 0 3 -128 -128 -128 -128 -128 -128 
20969 -5 1016 60 0 3 -6 9 -1 9 44 30 
21095 24 1014 60 0 2 -7 8 0 11 41 32 
21177 9 625 60 2 4 -128 -128 -128 -128 -128 -128 
21342 28 1308 60 0 2 -128 -128 -128 -128 -128 -128 
21462 31 941 60 0 2 -128 -128 -128 -128 -128 -128 
21576 -4 856 60 0 3 -4 10 8 18 36 22 
21683 34 873 62 0 6 -4 11 6 14 37 30 
21757 13 558 64 2 4 -128 -128 -128 -128 -128 -128 
21911 16 1206 61 0 6 -128 -128 -128 -128 -128 -128 
22026 25 907 63 0 6 -128 -128 -128 -128 -128 -128 
22146 20 933 62 0 6 -1 15 15 22 31 17 
22263 31 925 65 0 6 -1 12 11 19 33 20 
22390 25 986 65 0 2 -1 11 10 16 32 17 
22521 0 998 63 0 3 -2 9 9 16 34 18 
22655 26 1073 61 0 2 -2 10 8 15 33 20 
22741 8 654 61 2 4 -128 -128 -128 -128 -128 -128 
22912 12 1340 61 0 2 -128 -128 -128 -128 -128 -128 
23035 -13 936 61 0 3 -128 -128 -128 -128 -128 -128 
23152 22 949 61 0 2 -5 8 9 16 31 24 
23273 18 941 61 0 2 -4 9 8 16 33 20 
23392 -10 902 61 0 3 -4 8 8 14 35 20 
23512 21 969 62 0 2 -3 12 7 13 32 19 
23634 -4 928 63 0 3 -3 11 8 15 33 19 
23714 5 634 63 2 4 -128 -128 -128 -128 -128 -128 
23874 18 1263 63 0 2 -128 -128 -128 -128 -128 -128 
23991 4 900 64 0 3 -128 -128 -128 -128 -128 -128 
24112 13 954 64 0 2 -6 15 8 13 31 21 
24231 3 920 64 0 3 -6 11 5 8 32 18 
24311 10 632 64 2 4 -128 -128 -128 -128 -128 -128 
24473 24 1279 60 0 2 -128 -128 -128 -128 -128 -128 
24592 3 909 61 0 3 -128 -128 -128 -128 -128 -128 
24712 17 952 60 0 2 -6 13 9 12 30 13 
24834 11 947 64 0 6 -5 11 8 13 33 12 
24910 13 595 64 2 4 -128 -128 -128 -128 -128 -128 
25071 21 1266 60 0 2 -128 -128 -128 -128 -128 -128 
25187 2 887 60 0 3 -128 -128 -128 -128 -128 -128 
25306 25 953 60 0 2 -7 13 9 11 28 21 
25432 8 968 63 0 2 -6 10 7 8 30 18 
25509 4 597 64 2 4 -128 -128 -128 -128 -128 -128 
25671 16 1278 60 0 2 -128 -128 -128 -128 -128 -128 
25788 2 900 60 0 3 -128 -128 -128 -128 -128 -128 
25905 28 940 60 0 2 -6 12 15 16 33 20 
26025 -3 906 64 0 3 -5 10 14 17 33 15 
26101 6 603 64 2 4 -128 -128 -128 -128 -128 -128 
26266 24 1307 60 0 2 -128 -128 -128 -128 -128 -128 
26384 0 898 61 0 3 -128 -128 -128 -128 -128 -128 
26501 4 918 61 0 3 -5 16 7 11 27 10 
26620 1 927 65 0 3 -4 16 5 13 29 13 
26697 9 609 65 2 4 -128 -128 -128 -128 -128 -128 
26861 26 1299 61 0 2 -128 -128 -128 -128 -128 -128 
26982 24 943 60 0 2 -128 -128 -128 -128 -128 -128 
27104 17 946 60 0 2 -6 3 8 14 29 8 
27221 24 921 64 0 2 -6 4 7 6 36 11 
27341 20 934 64 0 2 -2 12 9 8 35 10 
27459 6 907 64 0 3 -2 11 8 5 32 1 
27579 27 959 64 0 2 -3 10 5 5 33 7 
27661 8 622 64 2 4 -128 -128 -128 -128 -128 -128 
27814 19 1206 64 0 2 -128 -128 -128 -128 -128 -128 
27927 24 888 64 0 6 -128 -128 -128 -128 -128 -128 
28036 32 859 65 0 2 -4 13 3 6 22 1 
28120 12 637 66 2 4 -128 -128 -128 -128 -128 -128 
28248 -4 984 65 0 3 -128 -128 -128 -128 -128 -128 
28353 28 852 66 0 6 -128 -128 -128 -128 -128 -128 
28460 0 808 68 0 3 -9 8 4 12 44 24 
28572 17 892 67 0 2 -12 9 3 7 38 27 
28694 -13 923 68 0 3 -8 11 4 8 42 28 
28815 26 984 66 0 6 -8 11 4 9 40 26 
28941 24 983 65 0 2 -9 9 5 10 39 26 
29064 34 971 63 0 6 -8 8 5 12 39 26 
29189 25 967 63 0 2 -7 8 6 12 38 26 
29312 -7 929 63 0 3 -7 8 6 12 38 25 
29430 24 953 62 0 2 -7 7 5 11 37 24 
29550 24 937 62 0 2 -7 7 6 12 37 23 
29634 15 648 62 2 4 -128 -128 -128 -128 -128 -128 
29782 11 1152 62 0 2 -128 -128 -128 -128 -128 -128 
29894 27 891 63 0 6 -128 -128 -128 -128 -128 -128 
30007 15 871 64 0 2 -3 12 4 -1 21 -7 
30091 11 652 65 2 4 -128 -128 -128 -128 -128 -128 
30232 -3 1088 63 0 3 -128 -128 -128 -128 -128 -128 
30345 25 910 64 0 6 -128 -128 -128 -128 -128 -128 
30458 -8 850 65 0 3 -4 18 10 16 41 19 
30546 12 708 65 2 4 -128 -128 -128 -128 -128 -128 
30689 16 1121 65 0 2 -128 -128 -128 -128 -128 -128 
30802 10 877 65 0 3 -128 -128 -128 -128 -128 -128 
30922 28 955 64 0 2 -10 17 3 13 36 21 
31004 5 618 64 2 4 -128 -128 -128 -128 -128 -128 
31164 25 1270 64 0 2 -128 -128 -128 -128 -128 -128 
31281 10 899 64 0 3 -128 -128 -128 -128 -128 -128 
31401 31 958 62 0 2 0 22 7 9 30 25 
31520 27 926 62 0 6 0 15 6 9 32 20 
31596 6 573 65 2 4 -128 -128 -128 -128 -128 -128 
31761 23 1306 60 0 2 -128 -128 -128 -128 -128 -128 
31878 2 893 61 0 3 -128 -128 -128 -128 -128 -128 
31994 23 927 60 0 2 -12 8 8 15 34 29 
32109 24 900 65 0 2 -9 9 9 16 36 23 
32184 12 574 65 2 4 -128 -128 -128 -128 -128 -128 
32329 22 1142 63 0 2 -128 -128 -128 -128 -128 -128 
32438 0 830 64 0 3 -128 -128 -128 -128 -128 -128 
32548 19 878 63 0 6 -8 13 10 18 31 24 
32635 7 668 68 2 4 -128 -128 -128 -128 -128 -128 
32771 -10 1045 65 0 3 -128 -128 -128 -128 -128 -128 
32881 18 888 66 0 6 -128 -128 -128 -128 -128 -128 
32991 0 841 67 0 3 -6 12 4 10 48 28 
33084 12 739 67 2 4 -128 -128 -128 -128 -128 -128 
33218 29 1064 67 0 2 -128 -128 -128 -128 -128 -128 
33330 -3 843 67 0 3 -128 -128 -128 -128 -128 -128 
33445 27 928 66 0 6 -11 13 1 11 40 31 
33528 16 638 66 2 4 -128 -128 -128 -128 -128 -128 
33683 26 1220 66 0 2 -128 -128 -128 -128 -128 -128 
33803 -3 909 65 0 3 -128 -128 -128 -128 -128 -128 
33920 3 920 64 0 3 -6 10 7 11 30 20 
34039 16 943 63 0 2 -6 15 3 5 26 9 
34117 14 607 66 2 4 -128 -128 -128 -128 -128 -128 
34277 10 1246 61 0 2 -128 -128 -128 -128 -128 -128 
34394 25 929 61 0 2 -128 -128 -128 -128 -128 -128 
34509 2 876 61 0 3 -5 11 10 15 29 20 
34626 26 938 65 0 2 -6 13 10 18 34 29 
34706 8 607 65 2 4 -128 -128 -128 -128 -128 -128 
34867 16 1265 61 0 2 -128 -128 -128 -128 -128 -128 
34987 22 944 61 0 2 -128 -128 -128 -128 -128 -128 
35105 17 917 60 0 2 -5 4 10 21 35 23 
35225 25 945 64 0 2 -6 4 6 14 30 12 
35344 4 909 64 0 3 -6 3 6 11 32 10 
35467 17 974 64 0 2 -7 6 5 10 31 10 
35590 1 945 63 0 3 -5 7 5 9 32 12 
35670 13 637 63 2 4 -128 -128 -128 -128 -128 -128 
35836 22 1306 63 0 2 -128 -128 -128 -128 -128 -128 
35958 26 957 63 0 2 -128 -128 -128 -128 -128 -128 
36080 17 944 63 0 2 -2 9 12 15 34 20 
36198 5 910 63 0 3 0 10 9 11 37 18 
36278 13 633 63 2 4 -128 -128 -128 -128 -128 -128 
36439 24 1269 60 0 2 -128 -128 -128 -128 -128 -128 
36557 4 902 60 0 3 -128 -128 -128 -128 -128 -128 
36674 18 928 60 0 2 -9 8 8 11 28 21 
36789 6 886 65 0 3 -6 10 6 10 33 17 
36867 10 613 66 2 4 -128 -128 -128 -128 -128 -128 
37026 14 1247 62 0 2 -128 -128 -128 -128 -128 -128 
37140 3 879 62 0 3 -128 -128 -128 -128 -128 -128 
37255 26 922 61 0 2 -6 12 8 17 35 37 
37368 5 862 66 0 3 -4 12 5 11 35 23 
37444 11 599 67 2 4 -128 -128 -128 -128 -128 -128 
37595 17 1186 63 0 2 -128 -128 -128 -128 -128 -128 
37701 5 816 64 0 3 -128 -128 -128 -128 -128 -128 
37808 26 857 64 0 6 -10 10 8 12 28 19 
37896 12 674 69 2 4 -128 -128 -128 -128 -128 -128 
38030 5 1039 67 0 3 -128 -128 -128 -128 -128 -128 
38143 27 905 67 0 2 -128 -128 -128 -128 -128 -128 
38254 6 846 67 0 3 -5 13 0 11 46 32 
38354 14 790 67 2 4 -128 -128 -128 -128 -128 -128 
38482 -3 983 68 0 3 -128 -128 -128 -128 -128 -128 
38595 24 909 67 0 2 -128 -128 -128 -128 -128 -128 
38709 2 869 66 0 3 -7 11 3 8 44 15 
38797 8 694 66 2 4 -128 -128 -128 -128 -128 -128 
38941 24 1141 66 0 2 -128 -128 -128 -128 -128 -128 
39057 2 884 67 0 3 -128 -128 -128 -128 -128 -128 
39173 33 937 65 0 2 -5 17 4 16 32 20 
39293 24 929 65 0 2 -4 12 4 13 33 13 
39370 12 589 66 2 4 -128 -128 -128 -128 -128 -128 
39527 22 1237 63 0 2 -128 -128 -128 -128 -128 -128 
39643 2 886 63 0 3 -128 -128 -128 -128 -128 -128 
39760 16 928 62 0 2 -3 15 5 8 28 9 
39875 17 899 65 0 2 -3 14 5 8 30 6 
39952 9 594 65 2 4 -128 -128 -128 -128 -128 -128 
40106 16 1210 62 0 2 -128 -128 -128 -128 -128 -128 
40218 2 861 63 0 3 -128 -128 -128 -128 -128 -128 
40330 26 899 62 0 2 -8 15 9 16 34 29 
40413 10 633 67 2 4 -128 -128 -128 -128 -128 -128 
40557 22 1137 63 0 2 -128 -128 -128 -128 -128 -128 
40669 25 878 64 0 2 -128 -128 -128 -128 -128 -128 
40780 -3 839 65 0 3 0 15 9 18 37 14 
40871 6 720 65 2 4 -128 -128 -128 -128 -128 -128 
41014 27 1138 65 0 2 -128 -128 -128 -128 -128 -128 
41132 16 911 64 0 2 -128 -128 -128 -128 -128 -128 
41246 30 904 64 0 2 -7 10 8 13 32 4 
41358 22 867 64 0 2 -6 9 8 13 35 5 
41435 3 583 68 2 4 -128 -128 -128 -128 -128 -128 
41577 20 1126 65 0 2 -128 -128 -128 -128 -128 -128 
41691 26 897 64 0 2 -128 -128 -128 -128 -128 -128 
41813 17 944 63 0 2 -4 13 8 15 38 12 
41890 5 590 66 2 4 -128 -128 -128 -128 -128 -128 
42054 15 1291 63 0 2 -128 -128 -128 -128 -128 -128 
42174 27 949 63 0 2 -128 -128 -128 -128 -128 -128 
42288 4 868 63 0 3 -2 6 9 12 28 20 
42398 8 863 63 0 3 -5 15 8 12 30 25 
42474 5 591 66 2 4 -128 -128 -128 -128 -128 -128 
42638 19 1295 61 0 2 -128 -128 -128 -128 -128 -128 
42759 -2 925 61 0 3 -128 -128 -128 -128 -128 -128 
42881 13 968 60 0 2 -1 7 9 12 29 11 
43002 18 950 64 0 2 -2 8 7 11 33 18 
43126 17 968 64 0 2 -1 8 7 10 34 17 
43251 26 985 63 0 2 -1 7 6 10 35 19 
43378 20 987 62 0 2 -3 9 5 10 36 20 
43507 14 1001 61 0 2 -4 8 5 10 36 21 
43585 4 600 62 2 4 -128 -128 -128 -128 -128 -128 
43652 10 529 62 0 2 -128 -128 -128 -128 -128 -128 
43762 26 876 63 0 2 -128 -128 -128 -128 -128 -128 
43889 23 989 62 0 2 -1 16 4 9 30 15 
44011 25 955 63 0 2 0 15 3 8 41 30 
44130 2 907 64 0 3 -2 13 3 10 42 33 
44248 25 945 64 0 2 -2 15 3 9 40 31 
44363 21 894 65 0 2 -1 14 3 9 39 26 
44479 16 901 65 0 2 -2 15 4 8 38 24 
44594 23 906 65 0 2 -1 15 5 9 39 23 
44707 3 862 65 0 3 -1 15 5 10 39 21 
44790 5 651 66 2 4 -128 -128 -128 -128 -128 -128 
44939 12 1171 66 0 2 -128 -128 -128 -128 -128 -128 
45051 2 865 66 0 3 -128 -128 -128 -128 -128 -128 
45163 16 889 67 0 2 -4 12 7 15 28 22 
45247 5 645 68 2 4 -128 -128 -128 -128 -128 -128 
45384 26 1092 65 0 2 -128 -128 -128 -128 -128 -128 
45495 17 858 66 0 2 -128 -128 -128 -128 -128 -128 
45609 16 889 65 0 2 -8 12 6 13 51 22 
45692 4 637 65 2 4 -128 -128 -128 -128 -128 -128 
45848 17 1232 65 0 2 -128 -128 -128 -128 -128 -128 
45970 20 956 64 0 2 -128 -128 -128 -128 -128 -128 
46095 24 980 63 0 2 -5 6 12 15 36 24 
46222 18 986 61 0 2 -4 4 9 14 36 24 
46350 20 1002 62 0 2 -3 5 8 13 36 24 
46426 5 579 62 2 4 -128 -128 -128 -128 -128 -128 
46494 4 530 66 0 2 -128 -128 -128 -128 -128 -128 
46610 20 923 62 0 2 -128 -128 -128 -128 -128 -128 
46739 17 1004 62 0 2 -8 8 5 11 38 19 
46868 26 1017 61 0 2 -7 6 5 11 38 21 
46992 21 964 61 0 2 -6 7 6 12 39 21 
47105 -7 855 63 0 3 -5 8 6 11 37 20 
47218 27 917 64 0 2 -6 8 6 12 38 25 
47336 20 915 63 0 6 -5 9 6 12 39 24 
47452 11 897 63 0 3 -4 9 6 11 38 22 
47573 25 959 63 0 2 -5 9 6 11 37 21 
47656 11 635 64 2 4 -128 -128 -128 -128 -128 -128 
47809 28 1212 64 0 2 -128 -128 -128 -128 -128 -128 
47925 25 903 65 0 2 -128 -128 -128 -128 -128 -128 
48034 11 838 65 0 3 -11 5 7 1 22 -3 
48144 20 868 66 0 2 -10 10 8 5 27 6 
48220 5 579 67 2 4 -128 -128 -128 -128 -128 -128 
48365 23 1151 64 0 2 -128 -128 -128 -128 -128 -128 
48475 32 868 65 0 2 -128 -128 -128 -128 -128 -128 
48586 24 859 64 0 2 -9 28 4 15 36 29 
48669 12 637 69 2 4 -128 -128 -128 -128 -128 -128 
48812 19 1124 66 0 2 -128 -128 -128 -128 -128 -128 
48924 21 877 65 0 2 -128 -128 -128 -128 -128 -128 
49036 5 859 65 0 3 -4 16 10 13 32 13 
49120 9 660 65 2 4 -128 -128 -128 -128 -128 -128 
49270 27 1190 65 0 2 -128 -128 -128 -128 -128 -128 
49390 15 925 65 0 2 -128 -128 -128 -128 -128 -128 
49507 9 908 64 0 2 -13 -6 7 13 27 13 
49623 19 917 63 0 2 -8 3 5 10 30 12 
49741 14 917 66 0 2 -7 2 5 10 32 10 
49858 26 926 65 0 2 -5 4 5 9 33 10 
49978 16 927 65 0 2 -5 5 5 8 33 9 
50068 10 697 65 2 4 -128 -128 -128 -128 -128 -128 
50213 22 1145 65 0 2 -128 -128 -128 -128 -128 -128 
50331 15 915 65 0 2 -128 -128 -128 -128 -128 -128 
50447 12 903 65 0 2 -7 12 5 10 29 3 
50562 17 904 65 0 2 -7 14 6 11 31 2 
50638 9 585 66 2 4 -128 -128 -128 -128 -128 -128 
50790 10 1189 63 0 2 -128 -128 -128 -128 -128 -128 
50900 17 866 63 0 2 -128 -128 -128 -128 -128 -128 
51010 18 861 63 0 2 11 17 8 10 29 12 
51098 9 678 67 2 4 -128 -128 -128 -128 -128 -128 
51229 22 1037 66 0 2 -128 -128 -128 -128 -128 -128 
51338 16 845 66 0 2 -128 -128 -128 -128 -128 -128 
51447 15 851 67 0 2 -7 7 4 8 47 10 
51560 19 887 67 0 2 -5 9 5 10 46 16 
51675 -2 877 69 0 3 -3 12 5 11 40 15 
51766 6 719 69 2 4 -128 -128 -128 -128 -128 -128 
51917 10 1184 67 0 2 -128 -128 -128 -128 -128 -128 
52035 13 924 66 0 2 -128 -128 -128 -128 -128 -128 
52146 23 878 68 0 2 -13 4 11 14 29 10 
52254 16 836 68 0 2 -5 9 11 15 34 13 
52331 8 594 68 2 4 -128 -128 -128 -128 -128 -128 
52474 19 1128 65 0 2 -128 -128 -128 -128 -128 -128 
52586 17 873 65 0 2 -128 -128 -128 -128 -128 -128 
52696 13 856 64 0 2 -6 13 7 13 40 14 
52789 15 728 69 2 4 -128 -128 -128 -128 -128 -128 
52919 14 1015 67 0 2 -128 -128 -128 -128 -128 -128 
53032 24 893 67 0 2 -128 -128 -128 -128 -128 -128 
53145 21 879 66 0 2 -3 15 5 11 50 16 
53239 7 721 66 2 4 -128 -128 -128 -128 -128 -128 
53372 27 1059 66 0 2 -128 -128 -128 -128 -128 -128 
53486 18 881 66 0 2 -128 -128 -128 -128 -128 -128 
53595 1 835 67 0 3 -8 6 4 10 26 15 
53707 21 895 66 0 2 -11 9 9 14 29 24 
53817 21 859 68 0 6 -8 12 7 13 34 25 
53926 12 843 69 0 9 -10 11 6 9 26 21 
54036 27 874 69 0 2 -9 10 5 11 34 30 
54113 9 584 69 2 4 -128 -128 -128 -128 -128 -128 
54263 25 1188 69 0 6 -128 -128 -128 -128 -128 -128 
54377 25 890 69 0 2 -128 -128 -128 -128 -128 -128 
54488 -6 837 69 0 3 -8 19 11 25 30 17 
54571 4 658 70 2 4 -128 -128 -128 -128 -128 -128 
54711 10 1100 66 0 2 -128 -128 -128 -128 -128 -128 
54821 -3 846 66 0 3 -128 -128 -128 -128 -128 -128 
54934 15 901 66 0 2 -7 13 -4 11 29 23 
55021 3 668 66 2 4 -128 -128 -128 -128 -128 -128 
55157 24 1083 66 0 2 -128 -128 -128 -128 -128 -128 
55267 25 860 66 0 2 -128 -128 -128 -128 -128 -128 
55375 6 825 66 0 3 -5 11 2 14 41 27 
55475 13 788 66 2 4 -128 -128 -128 -128 -128 -128 
55598 16 964 68 0 6 -128 -128 -128 -128 -128 -128 
55710 17 876 68 0 2 -128 -128 -128 -128 -128 -128 
55827 12 909 68 0 2 -1 20 7 10 34 18 
55913 5 665 68 2 4 -128 -128 -128 -128 -128 -128 
56065 21 1204 68 0 2 -128 -128 -128 -128 -128 -128 
56181 4 889 67 0 3 -128 -128 -128 -128 -128 -128 
56296 28 923 66 0 2 1 23 7 14 31 19 
56410 31 893 65 0 2 -2 18 6 13 38 18 
56487 5 576 67 2 4 -128 -128 -128 -128 -128 -128 
56638 20 1194 62 0 2 -128 -128 -128 -128 -128 -128 
56751 0 863 63 0 3 -128 -128 -128 -128 -128 -128 
56865 10 901 62 0 2 -6 8 9 17 35 26 
56947 4 634 67 2 4 -128 -128 -128 -128 -128 -128 
57093 16 1153 63 0 2 -128 -128 -128 -128 -128 -128 
57205 18 877 64 0 2 -128 -128 -128 -128 -128 -128 
57316 25 874 64 0 2 -6 14 11 13 28 -6 
57405 14 685 64 2 4 -128 -128 -128 -128 -128 -128 
57547 21 1116 65 0 2 -128 -128 -128 -128 -128 -128 
57663 19 904 64 0 2 -128 -128 -128 -128 -128 -128 
57778 21 901 64 0 2 -8 14 4 8 31 4 
57892 22 891 64 0 2 -5 17 4 8 32 5 
57968 13 585 67 2 4 -128 -128 -128 -128 -128 -128 
58124 18 1224 64 0 2 -128 -128 -128 -128 -128 -128 
58241 17 913 63 0 2 -128 -128 -128 -128 -128 -128 
58357 25 914 63 0 2 -6 10 6 10 27 11 
58472 32 906 66 0 2 -5 17 7 10 28 8 
58548 14 575 66 2 4 -128 -128 -128 -128 -128 -128 
58709 14 1258 62 0 2 -128 -128 -128 -128 -128 -128 
58823 5 882 62 0 3 -128 -128 -128 -128 -128 -128 
58939 13 914 62 0 2 -7 13 8 14 29 25 
59018 12 616 66 2 4 -128 -128 -128 -128 -128 -128 
59173 16 1215 62 0 2 -128 -128 -128 -128 -128 -128 
59288 19 902 62 0 2 -128 -128 -128 -128 -128 -128 
59401 21 884 62 0 2 -6 16 8 13 30 11 
59489 6 673 62 2 4 -128 -128 -128 -128 -128 -128 
59633 28 1147 63 0 6 -128 -128 -128 -128 -128 -128 
59750 15 901 63 0 2 -128 -128 -128 -128 -128 -128 
59862 -10 850 64 0 3 -14 13 10 13 35 4 
59971 32 893 63 0 6 -9 13 4 9 41 19 
60051 7 600 68 2 4 -128 -128 -128 -128 -128 -128 
60195 16 1134 64 0 2 -128 -128 -128 -128 -128 -128 
60306 16 868 65 0 2 -128 -128 -128 -128 -128 -128 
60412 -11 801 65 0 3 1 20 20 22 39 23 
60514 30 838 69 0 2 -3 11 9 15 45 29 
60619 13 803 70 0 2 -2 11 13 16 45 36 
60723 6 805 71 0 2 -5 10 17 17 49 32 
60825 10 801 73 0 2 -6 9 14 15 48 31 
60900 2 578 73 2 4 -128 -128 -128 -128 -128 -128 
61026 13 996 73 0 2 -128 -128 -128 -128 -128 -128 
61132 11 826 74 0 2 -128 -128 -128 -128 -128 -128 
61237 9 818 73 0 9 -11 8 6 8 46 9 
61341 32 836 73 0 6 2 20 10 8 57 25 
61449 14 825 73 0 2 -4 19 9 8 53 24 
61556 27 849 72 0 2 -1 18 7 9 45 20 
61665 18 843 72 0 2 -5 11 9 9 43 24 
61772 34 852 71 0 2 -1 15 8 7 41 14 
61881 27 844 71 0 6 -7 12 9 8 44 15 
61987 -11 790 71 0 3 -7 11 9 8 40 16 
62091 3 827 71 0 3 -8 10 7 8 40 18 
62195 1 810 72 0 3 -7 10 7 8 38 19 
62273 3 612 72 2 4 -128 -128 -128 -128 -128 -128 
62401 6 1003 72 0 3 -128 -128 -128 -128 -128 -128 
62504 1 800 73 0 3 -128 -128 -128 -128 -128 -128 
62603 22 794 74 0 2 -27 -16 6 22 59 71 
62704 25 792 74 0 2 -15 2 7 21 53 59 
62806 24 796 74 0 6 -12 9 7 16 56 49 
62888 6 623 75 2 4 -128 -128 -128 -128 -128 -128 
63004 16 916 73 0 5 -128 -128 -128 -128 -128 -128 
63104 12 777 73 0 6 -128 -128 -128 -128 -128 -128 
63201 21 767 76 0 2 25 22 19 3 52 2 
63299 17 761 76 0 6 18 21 12 5 46 3 
63394 19 745 77 0 6 8 12 11 8 43 5 
63485 12 704 78 0 7 7 14 7 8 39 4 
63582 18 763 79 0 6 3 15 6 11 26 3 
63677 -11 714 79 0 3 2 13 6 11 29 5 
63770 -10 727 80 0 3 1 16 5 11 27 8 
63862 -4 725 81 0 3 1 17 5 11 29 12 
63953 9 724 81 0 3 0 19 4 11 31 17 
64047 -8 717 82 0 3 -1 18 4 11 31 18 
64139 -10 717 83 0 3 -1 18 3 11 31 20 
64230 0 721 83 0 3 -3 19 3 11 30 20 
64324 -4 730 83 0 3 -3 19 3 11 30 21 
64417 15 746 83 0 6 -4 19 2 11 29 23 
64509 -11 693 83 0 3 -1 21 2 11 29 21 
64601 -4 725 83 0 3 -3 19 2 12 28 22 
64693 -8 715 83 0 3 -3 19 2 12 29 24 
64786 17 752 82 0 2 -3 18 2 12 30 26 
64879 -12 697 82 0 3 -3 18 2 12 31 26 
64955 7 613 83 2 4 -128 -128 -128 -128 -128 -128 
65063 22 859 82 0 2 -128 -128 -128 -128 -128 -128 
65155 2 698 84 0 3 -128 -128 -128 -128 -128 -128 
65250 18 759 82 0 6 -16 13 0 12 41 45 
65340 9 694 83 0 3 -11 15 0 10 30 20 
65434 2 727 82 0 3 -15 12 0 9 26 27 
65527 19 744 83 0 2 -15 9 0 9 31 30 
65618 27 719 82 0 6 -12 9 0 8 35 30 
65710 19 710 82 0 2 -10 9 0 9 33 26 
65803 -13 695 83 0 3 -10 8 0 9 35 26 
65896 -15 725 83 0 3 -10 9 0 8 35 28 
65988 14 747 83 0 2 -10 9 0 9 34 29 
66082 -20 701 83 0 3 -10 8 0 9 35 28 
66174 16 754 82 0 2 -10 8 0 9 36 31 
66267 -8 703 83 0 3 -9 9 0 9 36 30 
66361 10 752 82 0 2 -9 8 0 10 36 31 
66453 20 729 82 0 6 -9 8 0 10 36 30 
66545 19 718 82 0 2 -10 7 0 10 36 29 
66637 12 712 82 0 6 -10 8 0 10 38 29 
66727 14 705 83 0 8 -9 9 0 10 37 30 
66815 -8 665 83 0 3 -9 9 0 10 38 29 
66904 -14 690 84 0 3 -11 8 0 10 36 28 
66991 -14 679 84 0 3 -10 9 0 10 36 29 
67076 26 704 85 0 6 -10 10 0 10 36 30 
67162 22 668 86 0 2 -10 9 0 10 37 30 
67248 12 662 87 0 6 -10 9 0 10 37 29 
67332 20 664 88 0 2 -10 9 0 9 37 28 
67418 22 674 89 0 2 -10 8 0 9 38 29 
67507 17 690 88 0 6 -9 8 0 10 38 29 
67597 10 697 88 0 2 -9 8 0 10 39 30 
67687 13 706 87 0 2 -9 8 0 10 38 29 
67780 12 725 87 0 6 -9 8 0 10 38 28 
67873 -14 701 86 0 3 -9 8 0 10 38 28 
67965 -7 726 85 0 3 -10 8 0 10 38 28 
68059 13 754 84 0 6 -10 8 0 10 38 29 
68152 11 725 84 0 2 -9 8 0 10 38 29 
68244 -4 703 84 0 3 -9 8 0 9 38 28 
68336 18 741 83 0 2 -9 8 0 10 38 29 
68430 10 726 82 0 2 -10 8 0 10 38 28 
68520 -2 692 83 0 3 -10 8 0 10 38 28 
68613 16 744 82 0 6 -10 8 0 10 38 29 
68705 11 714 82 0 6 -10 8 0 10 38 28 
68793 25 701 83 0 2 -10 7 0 10 38 28 
68885 17 711 83 0 2 -10 7 0 10 38 28 
68976 10 704 83 0 6 -10 7 0 10 38 28 
69062 29 691 84 0 8 -10 6 0 10 38 28 
69150 -10 648 85 0 3 -10 7 0 10 38 27 
69237 -7 683 85 0 3 -10 7 0 10 38 28 
69323 18 697 86 0 6 -10 7 0 10 39 28 
69409 -14 640 86 0 3 -9 8 0 10 39 28 
69493 3 673 87 0 3 -9 8 0 10 38 28 
69579 13 682 87 0 2 -9 8 0 10 38 28 
69666 18 685 88 0 2 -10 8 0 10 38 28 
69755 12 689 88 0 2 -9 8 0 10 38 28 
69845 -16 675 88 0 3 -9 8 0 10 38 27 
69936 -7 720 87 0 3 -9 8 0 10 38 28 
70028 19 745 87 0 6 -10 8 0 10 38 28 
70119 -12 680 87 0 3 -10 8 0 10 38 28 
70210 13 736 85 0 2 -10 8 0 10 38 28 
70305 11 740 84 0 2 -10 8 0 10 38 28 
70399 19 742 83 0 6 -9 8 0 10 38 28 
70491 4 704 82 0 3 -10 8 0 10 37 28 
70587 -5 741 81 0 3 -11 7 0 10 37 28 
70683 -4 751 81 0 3 -11 7 0 10 37 29 
70781 -8 762 81 0 3 -10 7 0 11 38 29 
70880 11 792 80 0 2 -10 7 0 11 38 28 
70980 11 781 79 0 2 -10 7 1 11 38 28 
71081 19 797 78 0 6 -10 7 1 11 38 28 
71159 4 595 78 2 4 -128 -128 -128 -128 -128 -128 
71285 16 996 77 0 2 -128 -128 -128 -128 -128 -128 
71387 -5 776 77 0 3 -128 -128 -128 -128 -128 -128 
71490 -10 800 76 0 3 -14 7 -2 8 35 22 
71594 -5 817 75 0 3 -14 8 -2 8 35 28 
71699 20 845 74 0 2 -17 2 0 10 35 28 
71805 16 825 73 0 8 -14 4 0 9 40 30 
71908 22 810 73 0 2 -11 1 -2 8 36 23 
71980 17 558 73 2 4 -128 -128 -128 -128 -128 -128 
72114 2 1032 73 0 3 -128 -128 -128 -128 -128 -128 
72215 21 808 73 0 2 -128 -128 -128 -128 -128 -128 
72313 13 757 73 0 2 -6 11 3 12 53 23 
72409 -17 720 74 0 3 -12 4 4 15 47 21 
72503 -3 749 76 0 3 -20 5 2 15 42 24 
72598 8 753 77 0 3 -16 5 2 14 39 25 
72697 12 777 78 0 2 -18 4 0 13 33 23 
72794 11 757 78 0 6 -17 2 0 13 37 25 
72892 20 775 78 0 6 -21 0 0 11 34 19 
72989 18 756 79 0 2 -21 0 1 11 34 23 
73090 13 784 78 0 6 -18 -1 0 11 38 23 
73168 6 602 78 2 4 -128 -128 -128 -128 -128 -128 
73286 -2 914 78 0 9 -128 -128 -128 -128 -128 -128 
73382 -5 747 78 0 3 -128 -128 -128 -128 -128 -128 
73477 -5 742 78 0 3 2 8 0 9 59 63 
73574 -14 749 79 0 3 3 13 0 10 42 44 
73670 17 781 79 0 2 -2 10 0 8 43 41 
73757 -14 649 79 2 4 -128 -128 -128 -128 -128 -128 
73864 1 851 77 0 3 -128 -128 -128 -128 -128 -128 
73963 3 775 77 0 3 -128 -128 -128 -128 -128 -128 
74062 -8 762 79 0 3 -40 10 -6 0 27 31 
74157 19 770 78 0 2 -32 9 -3 3 29 39 
74251 29 744 78 0 6 -22 13 0 6 33 32 
74343 18 708 78 0 7 -24 12 -1 7 30 30 
74440 29 769 78 0 6 -23 16 0 10 25 29 
74533 9 706 78 0 3 -18 16 2 11 12 19 
74629 22 763 79 0 2 -18 21 3 13 26 33 
74724 24 744 79 0 2 -16 21 5 14 18 25 
74820 12 738 80 0 3 -17 19 6 14 16 20 
74911 12 711 81 2 4 -128 -128 -128 -128 -128 -128 
75026 18 905 80 0 2 -128 -128 -128 -128 -128 -128 
75131 17 819 78 0 2 -128 -128 -128 -128 -128 -128 
75238 6 825 77 0 3 -12 10 21 20 48 29 
75351 16 893 74 0 2 -13 8 18 21 42 25 
75461 21 864 72 0 2 -12 10 19 22 43 30 
75557 13 742 72 2 4 -128 -128 -128 -128 -128 -128 
75691 11 1045 70 0 3 -128 -128 -128 -128 -128 -128 
75804 3 875 69 0 3 -128 -128 -128 -128 -128 -128 
75918 -3 884 69 0 3 -13 7 14 15 36 16 
76003 5 672 69 2 4 -128 -128 -128 -128 -128 -128 
76136 4 1039 66 0 3 -128 -128 -128 -128 -128 -128 
76244 5 844 67 0 3 -128 -128 -128 -128 -128 -128 
76347 3 803 67 0 9 -20 5 8 16 41 21 
76446 7 777 67 0 9 -22 12 8 15 17 15 
76546 19 794 71 0 2 -17 18 12 21 34 25 
76629 13 642 73 2 4 -128 -128 -128 -128 -128 -128 
76741 20 882 73 0 2 -128 -128 -128 -128 -128 -128 
76838 12 750 73 0 2 -128 -128 -128 -128 -128 -128 
76933 11 741 76 0 2 -7 21 24 21 47 19 
77027 13 736 78 0 2 -10 20 19 15 38 22 
77121 12 734 79 0 2 -16 12 20 26 37 39 
77217 12 750 79 0 9 -17 11 20 25 39 34 
77314 1 747 80 0 3 -16 10 19 22 36 31 
77413 5 777 80 0 3 -16 10 18 22 35 31 
77516 10 810 80 0 3 -15 10 17 22 34 30 
77620 9 811 78 0 9 -16 9 13 15 34 23 
77724 23 827 77 0 2 -15 9 12 16 29 23 
77802 10 596 77 2 4 -128 -128 -128 -128 -128 -128 
77934 13 1034 75 0 2 -128 -128 -128 -128 -128 -128 
78038 21 821 74 0 2 -128 -128 -128 -128 -128 -128 
78141 -4 780 74 0 3 -15 6 6 11 40 9 
78244 -11 797 74 0 3 -13 8 5 11 38 16 
78346 19 827 73 0 2 -13 6 6 12 36 29 
78430 10 647 74 2 4 -128 -128 -128 -128 -128 -128 
78555 25 992 71 0 2 -128 -128 -128 -128 -128 -128 
78660 16 811 71 0 2 -128 -128 -128 -128 -128 -128 
78767 20 840 73 0 2 -4 5 16 15 57 29 
78871 8 801 74 0 3 -13 4 16 16 26 19 
78978 16 844 73 0 9 -15 6 15 16 26 25 
79086 7 834 72 0 3 -15 6 15 16 34 28 
79193 5 834 72 0 3 -17 3 15 13 28 19 
79300 12 843 71 0 2 -15 5 11 10 35 28 
79404 16 817 72 0 8 -11 9 13 12 46 36 
79482 10 603 72 2 4 -128 -128 -128 -128 -128 -128 
79605 -5 946 72 0 3 -128 -128 -128 -128 -128 -128 
79703 -15 756 72 0 3 -128 -128 -128 -128 -128 -128 
79794 2 728 73 0 3 -20 9 -1 7 53 41 
79886 -1 715 75 0 3 -22 6 0 10 50 41 
79978 -15 705 78 0 3 -12 13 0 11 49 42 
80068 9 727 80 0 2 -14 12 3 12 45 40 
80157 10 697 83 0 6 -14 11 3 12 47 38 
80242 20 674 83 0 6 -13 9 2 11 45 36 
80328 15 667 84 0 2 -11 10 2 12 47 34 
80414 -13 643 85 0 3 -12 8 2 11 43 31 
80498 -4 666 87 0 3 -13 8 2 11 43 33 
80583 -11 657 88 0 3 -13 8 2 11 43 33 
80667 -17 650 89 0 3 -13 8 2 11 43 35 
80749 14 672 90 0 8 -13 8 2 11 43 35 
80831 13 639 90 0 6 -11 8 2 11 43 35 
80913 12 640 91 0 6 -11 8 2 11 43 34 
80996 11 647 92 0 6 -11 9 2 12 43 34 
81080 19 665 91 0 6 -10 9 2 12 43 33 
81165 20 665 91 0 6 -10 8 2 12 43 33 
81254 17 692 91 0 6 -10 8 2 12 43 32 
81347 12 721 90 0 2 -10 8 2 12 43 32 
81445 11 765 88 0 6 -10 8 2 12 44 32 
81545 19 789 85 0 2 -10 8 2 12 43 32 
81633 10 679 85 2 4 -128 -128 -128 -128 -128 -128 
81754 -12 923 82 0 3 -128 -128 -128 -128 -128 -128 
81853 20 806 79 0 6 -128 -128 -128 -128 -128 -128 
81954 19 788 77 0 6 -10 5 -3 6 53 42 
82055 -14 756 77 0 3 -12 3 -2 6 52 39 
82154 12 799 76 0 2 -11 5 -1 7 46 38 
82231 7 597 76 2 4 -128 -128 -128 -128 -128 -128 
82352 14 952 74 0 6 -128 -128 -128 -128 -128 -128 
82448 13 749 74 0 6 -128 -128 -128 -128 -128 -128 
82540 3 709 77 0 3 -3 1 2 11 53 23 
82634 -4 727 78 0 3 -10 3 0 10 44 40 
82728 -12 727 80 0 3 -7 5 0 10 41 37 
82821 12 750 80 0 6 -7 8 0 10 44 39 
82914 17 732 81 0 6 -6 10 0 11 43 37 
83004 5 691 81 0 3 -8 10 0 11 40 32 
83097 -7 714 82 0 3 -8 12 0 11 37 33 
83190 -10 724 83 0 3 -9 12 0 11 36 31 
83282 27 756 82 0 6 -9 12 0 11 37 32 
83375 21 720 82 0 2 -9 10 0 12 38 31 
83467 14 712 82 0 8 -10 8 0 12 39 30 
83558 12 709 83 0 6 -9 8 0 11 39 30 
83648 16 707 84 0 6 -9 8 0 11 37 29 
83740 11 714 84 0 6 -10 6 0 11 38 29 
83830 -6 686 84 0 3 -10 6 0 13 37 29 
83922 0 725 84 0 3 -10 7 0 13 37 30 
84015 1 727 84 0 3 -9 8 0 13 37 30 
84112 11 768 84 0 2 -10 8 0 13 37 30 
84212 11 781 82 0 2 -10 8 1 13 38 30 
84312 19 790 81 0 2 -10 7 1 13 38 30 
84411 -2 752 80 0 3 -8 8 1 13 39 30 
84497 5 679 80 2 4 -128 -128 -128 -128 -128 -128 
84609 22 892 78 0 2 -128 -128 -128 -128 -128 -128 
84710 11 778 77 0 2 -128 -128 -128 -128 -128 -128 
84810 12 782 77 0 2 -3 12 18 20 25 18 
84912 15 800 76 0 2 -9 9 16 17 30 17 
85017 14 819 76 0 2 -9 10 17 19 33 25 
85092 6 578 76 2 4 -128 -128 -128 -128 -128 -128 
85223 16 1034 74 0 2 -128 -128 -128 -128 -128 -128 
85323 28 793 73 0 6 -128 -128 -128 -128 -128 -128 
85422 -6 739 75 0 3 -18 -13 0 2 22 3 
85517 0 749 76 0 3 -19 -9 0 5 26 13 
85612 -6 736 77 0 3 -17 -4 0 8 30 18 
85704 -2 723 78 0 3 -17 0 0 8 33 23 
85795 5 717 80 0 3 -15 2 0 10 32 24 
85888 -4 718 80 0 3 -15 4 0 11 33 25 
85985 -10 752 81 0 3 -16 2 0 10 33 27 
86084 -13 770 81 0 3 -15 4 -1 10 34 27 
86182 -3 776 80 0 3 -13 5 -1 10 33 27 
86265 10 661 81 2 4 -128 -128 -128 -128 -128 -128 
86387 16 959 80 0 2 -128 -128 -128 -128 -128 -128 
86489 20 801 79 0 6 -128 -128 -128 -128 -128 -128 
86588 21 775 77 0 6 -15 3 1 22 69 43 
86688 6 766 77 0 2 -14 9 3 19 56 34 
86787 6 773 77 0 2 -14 10 4 19 56 37 
86868 10 637 77 2 4 -128 -128 -128 -128 -128 -128 
86989 11 947 74 0 2 -128 -128 -128 -128 -128 -128 
87088 11 773 74 0 6 -128 -128 -128 -128 -128 -128 
87186 10 765 77 0 6 6 17 3 7 55 35 
87282 -3 737 78 0 3 -4 11 5 11 49 30 
87381 -5 771 78 0 3 -6 9 3 12 47 32 
87464 11 665 78 2 4 -128 -128 -128 -128 -128 -128 
87593 24 1020 75 0 2 -128 -128 -128 -128 -128 -128 
87700 -4 808 74 0 3 -128 -128 -128 -128 -128 -128 
87805 6 831 76 0 3 -8 14 2 14 52 24 
87911 2 824 75 0 3 -9 15 3 13 47 27 
88018 -6 828 74 0 3 -11 13 2 13 45 31 
88123 3 829 73 0 3 -11 13 2 13 43 29 
88232 2 851 72 0 3 -11 11 2 13 43 28 
88304 8 568 72 2 4 -128 -128 -128 -128 -128 -128 
88449 24 1149 72 0 2 -128 -128 -128 -128 -128 -128 
88557 2 822 72 0 3 -128 -128 -128 -128 -128 -128 
88663 10 836 72 0 3 -13 11 7 17 35 26 
88752 18 703 72 2 4 -128 -128 -128 -128 -128 -128 
88878 -6 960 70 0 3 -128 -128 -128 -128 -128 -128 
88983 1 828 70 0 3 -128 -128 -128 -128 -128 -128 
89087 2 813 70 0 3 -10 5 0 10 47 33 
89192 -4 815 70 0 3 -12 5 3 15 41 29 
89265 10 584 73 2 4 -128 -128 -128 -128 -128 -128 
89406 17 1108 70 0 2 -128 -128 -128 -128 -128 -128 
89511 -2 802 71 0 3 -128 -128 -128 -128 -128 -128 
89616 -7 815 71 0 3 -12 8 1 10 47 31 
89718 -11 793 74 0 3 -11 9 1 11 44 34 
89817 2 786 74 0 3 -11 8 1 11 43 35 
89918 1 788 75 0 3 -11 8 1 11 40 33 
90018 -6 775 75 0 3 -11 9 0 10 39 33 
90116 -12 759 75 0 3 -11 10 0 10 38 32 
90213 1 771 76 0 3 -11 10 1 10 38 33 
90306 11 737 77 2 4 -128 -128 -128 -128 -128 -128 
90417 -13 843 77 0 3 -128 -128 -128 -128 -128 -128 
90516 1 787 77 0 3 -128 -128 -128 -128 -128 -128 
90616 3 784 77 0 3 -14 6 2 15 38 33 
90716 5 783 77 0 3 -15 8 2 16 38 33 
90815 3 771 77 0 3 -11 11 1 15 36 34 
90897 5 643 77 2 4 -128 -128 -128 -128 -128 -128 
91013 19 920 76 0 6 -128 -128 -128 -128 -128 -128 
91112 15 770 76 0 2 -128 -128 -128 -128 -128 -128 
91208 4 739 77 0 3 -12 1 0 7 36 31 
91308 -12 765 77 0 3 -11 4 2 8 30 32 
91409 -11 790 77 0 3 -15 4 2 10 32 34 
91488 5 633 78 2 4 -128 -128 -128 -128 -128 -128 
91618 10 1021 75 0 2 -128 -128 -128 -128 -128 -128 
91723 11 821 74 0 6 -128 -128 -128 -128 -128 -128 
91827 -7 794 76 0 3 -9 3 4 13 55 21 
91935 12 863 74 0 2 -9 7 3 12 48 24 
92041 18 834 73 0 6 -10 7 4 13 48 23 
92149 19 845 72 0 2 -9 6 3 12 50 19 
92258 27 860 71 0 6 -5 7 3 13 54 23 
92334 10 576 71 2 4 -128 -128 -128 -128 -128 -128 
92478 -13 1102 71 0 3 -128 -128 -128 -128 -128 -128 
92583 32 866 70 0 6 -128 -128 -128 -128 -128 -128 
92689 3 799 70 0 10 -28 -3 1 25 70 54 
92787 11 773 71 2 4 -128 -128 -128 -128 -128 -128 
92891 14 816 72 0 6 -128 -128 -128 -128 -128 -128 
92990 25 784 73 0 2 -128 -128 -128 -128 -128 -128 
93086 24 749 74 0 6 -12 -3 7 13 22 -7 
93183 -12 722 74 0 3 -11 -2 6 10 26 1 
93279 26 788 76 0 2 -9 2 5 10 28 13 
93366 15 669 77 2 4 -128 -128 -128 -128 -128 -128 
93477 19 871 77 0 2 -128 -128 -128 -128 -128 -128 
93576 6 761 77 0 3 -128 -128 -128 -128 -128 -128 
93680 -3 803 77 0 3 -6 14 6 15 46 32 
93786 -10 821 76 0 3 -8 12 6 14 39 29 
93894 0 854 74 0 3 -8 12 5 13 40 30 
93968 13 591 74 0 3 -7 17 4 11 25 22 
94119 -27 1140 73 0 1 -2 28 7 28 2 19 
94228 17 895 71 0 5 -4 24 9 26 19 16 
94335 23 842 71 0 6 -14 20 9 25 17 14 
94427 5 701 71 2 4 -128 -128 -128 -128 -128 -128 
94550 25 981 68 0 6 -128 -128 -128 -128 -128 -128 
94653 19 799 69 0 2 -128 -128 -128 -128 -128 -128 
94757 17 810 69 0 6 -7 4 10 13 48 23 
94861 -16 780 69 0 3 -2 7 7 11 34 14 
94964 22 842 72 0 2 -3 9 6 11 31 19 
95044 8 611 74 2 4 -128 -128 -128 -128 -128 -128 
95173 19 1019 71 0 2 -128 -128 -128 -128 -128 -128 
95276 6 792 71 0 3 -128 -128 -128 -128 -128 -128 
95382 5 827 74 0 2 -16 16 2 12 59 33 
95485 20 820 73 0 2 -7 23 2 13 52 27 
95588 -2 782 74 0 3 4 39 6 23 45 18 
95691 -4 803 73 0 3 -4 34 6 23 29 14 
95796 17 841 73 0 6 -2 32 6 21 41 22 
95870 6 567 73 2 4 -128 -128 -128 -128 -128 -128 
96008 -3 1070 73 0 3 -128 -128 -128 -128 -128 -128 
96117 -6 848 72 0 3 -128 -128 -128 -128 -128 -128 
96223 4 838 72 0 3 -14 7 0 9 44 23 
96312 12 704 73 2 4 -128 -128 -128 -128 -128 -128 
96440 22 1010 69 0 2 -128 -128 -128 -128 -128 -128 
96551 9 854 68 0 2 -128 -128 -128 -128 -128 -128 
96662 18 876 68 0 6 -7 2 5 12 54 23 
96753 10 703 68 2 4 -128 -128 -128 -128 -128 -128 
96883 21 1026 68 0 2 -128 -128 -128 -128 -128 -128 
96990 32 847 68 0 6 -128 -128 -128 -128 -128 -128 
97101 5 841 68 0 2 -6 11 10 14 48 14 
97196 11 748 68 2 4 -128 -128 -128 -128 -128 -128 
97324 19 1008 68 0 2 -128 -128 -128 -128 -128 -128 
97434 2 842 68 0 3 -128 -128 -128 -128 -128 -128 
97546 22 895 68 0 2 -6 11 6 10 53 26 
97639 8 713 68 2 4 -128 -128 -128 -128 -128 -128 
97779 24 1109 68 0 2 -128 -128 -128 -128 -128 -128 
97891 14 865 67 0 2 -128 -128 -128 -128 -128 -128 
98006 11 896 67 0 2 -20 4 5 10 45 21 
98091 11 664 67 2 4 -128 -128 -128 -128 -128 -128 
98240 21 1174 65 0 2 -128 -128 -128 -128 -128 -128 
98355 7 884 64 0 2 -128 -128 -128 -128 -128 -128 
98464 14 859 65 0 6 -8 10 2 13 32 21 
98568 12 811 65 0 3 -11 13 4 12 34 20 
98678 17 864 69 0 2 -13 12 1 9 26 18 
98784 26 837 69 0 6 -9 14 2 10 33 22 
98890 28 830 70 0 6 -8 13 2 9 30 19 
98998 -8 808 70 0 3 -9 10 4 10 31 20 
99102 -4 816 71 0 3 -9 10 4 10 32 22 
99178 13 611 72 2 4 -128 -128 -128 -128 -128 -128 
99310 4 1022 72 0 3 -128 -128 -128 -128 -128 -128 
99416 36 861 71 0 6 -128 -128 -128 -128 -128 -128 
99527 20 851 71 0 2 -8 10 3 9 53 21 
99634 12 828 72 0 3 -7 9 4 10 40 18 
99749 20 906 70 0 2 -10 5 3 10 34 21 
99860 22 869 69 0 2 -5 9 2 11 39 24 
99974 25 894 68 0 2 -9 8 3 12 41 24 
100088 -2 864 68 0 3 -7 12 3 11 35 21 
100196 2 847 69 0 3 -12 10 2 11 37 19 
100309 14 895 69 0 6 -10 11 2 10 38 22 
100415 26 840 69 0 6 -7 12 2 10 44 23 
100492 12 588 69 2 4 -128 -128 -128 -128 -128 -128 
100620 -12 976 69 0 3 -128 -128 -128 -128 -128 -128 
100717 8 778 69 0 3 -128 -128 -128 -128 -128 -128 
100815 -2 755 71 0 3 -19 11 -2 11 49 33 
100910 -5 739 73 0 3 -21 11 -3 10 48 37 
101004 2 742 75 0 3 -19 11 -2 12 45 37 
101097 2 726 78 0 3 -17 12 0 13 41 35 
101190 -12 713 80 0 3 -15 12 0 13 40 36 
101282 12 743 80 0 2 -15 12 0 13 39 36 
101375 12 726 81 0 6 -14 11 0 13 40 34 
101469 20 743 81 0 2 -13 10 0 13 40 32 
101568 15 768 81 0 2 -13 9 0 13 40 31 
101656 7 680 81 2 4 -128 -128 -128 -128 -128 -128 
101778 10 956 81 0 2 -128 -128 -128 -128 -128 -128 
101887 6 847 78 0 2 -128 -128 -128 -128 -128 -128 
101994 17 847 76 0 6 -11 0 0 1 63 34 
102103 11 846 74 0 2 -13 0 1 6 53 30 
102209 -11 806 73 0 3 -14 2 2 7 49 27 
102311 20 828 72 0 2 -13 4 2 7 47 29 
102411 19 780 72 0 2 -12 3 2 8 46 27 
102490 -1 597 72 2 4 -128 -128 -128 -128 -128 -128 
102611 17 963 72 0 2 -128 -128 -128 -128 -128 -128 
102716 -20 784 73 0 3 -128 -128 -128 -128 -128 -128 
102821 -11 829 73 0 3 -14 5 1 8 51 32 
102928 10 857 73 0 8 -11 6 2 8 59 40 
103031 4 799 73 0 3 -9 7 2 9 49 34 
103138 -3 829 73 0 3 -13 6 1 9 44 34 
103243 -5 818 73 0 3 -10 9 1 10 42 34 
103315 12 579 73 2 4 -128 -128 -128 -128 -128 -128 
103451 2 1053 73 0 3 -128 -128 -128 -128 -128 -128 
103554 32 835 72 0 2 -128 -128 -128 -128 -128 -128 
103660 1 797 72 0 3 -10 9 0 13 51 21 
103753 13 738 73 2 4 -128 -128 -128 -128 -128 -128 
103879 21 993 70 0 2 -128 -128 -128 -128 -128 -128 
103987 1 823 70 0 3 -128 -128 -128 -128 -128 -128 
104102 15 913 69 0 2 -9 7 0 9 56 38 
104185 10 643 69 2 4 -128 -128 -128 -128 -128 -128 
104331 18 1149 69 0 2 -128 -128 -128 -128 -128 -128 
104445 19 892 68 0 2 -128 -128 -128 -128 -128 -128 
104557 -11 845 67 0 3 -10 4 6 19 35 14 
104641 12 679 67 2 4 -128 -128 -128 -128 -128 -128 
104774 14 1041 66 0 2 -128 -128 -128 -128 -128 -128 
104882 27 857 66 0 2 -128 -128 -128 -128 -128 -128 
104991 2 826 67 0 3 -11 6 3 15 55 28 
105083 2 719 67 2 4 -128 -128 -128 -128 -128 -128 
105206 4 963 68 0 3 -128 -128 -128 -128 -128 -128 
105310 5 813 70 0 3 -128 -128 -128 -128 -128 -128 
105416 -13 811 70 0 3 -17 4 -1 4 40 29 
105522 -14 827 70 0 3 -15 4 -1 5 40 33 
105627 -4 830 72 0 3 -13 6 -1 5 41 35 
105701 13 595 73 2 4 -128 -128 -128 -128 -128 -128 
105840 27 1100 71 0 2 -128 -128 -128 -128 -128 -128 
105946 1 802 71 0 3 -128 -128 -128 -128 -128 -128 
106052 -7 820 73 0 3 -12 8 -3 10 47 26 
106156 28 848 72 0 2 -10 10 -2 9 44 28 
106265 26 849 72 0 6 -10 7 0 9 44 28 
106369 8 795 72 0 3 -12 7 0 10 46 34 
106474 24 836 72 0 6 -10 8 0 9 44 34 
106548 -3 551 72 2 4 -128 -128 -128 -128 -128 -128 
106689 20 1125 72 0 2 -128 -128 -128 -128 -128 -128 
106794 6 806 72 0 3 -128 -128 -128 -128 -128 -128 
106896 14 805 72 0 9 -6 9 0 13 30 -10 
106996 24 791 73 0 2 -5 11 13 19 56 8 
107094 -6 736 74 0 3 -3 13 7 17 37 3 
107190 -4 752 75 0 3 -8 12 1 10 37 13 
107287 -12 750 77 0 3 -7 13 1 9 35 17 
107382 16 770 76 0 2 -7 14 1 8 36 17 
107478 15 749 77 0 2 -8 12 1 8 38 18 
107570 14 718 79 0 3 -8 10 0 7 37 16 
107670 27 794 79 0 6 -8 10 -1 6 34 15 
107771 11 773 79 0 2 -8 11 -1 7 36 16 
107868 3 750 79 0 3 -8 10 -2 6 36 15 
107967 19 789 78 0 6 -9 10 -4 7 35 15 
108064 19 758 78 0 2 -8 10 -3 8 35 16 
108149 11 656 78 2 4 -128 -128 -128 -128 -128 -128 
108263 3 883 78 0 2 -128 -128 -128 -128 -128 -128 
108360 19 774 77 0 2 -128 -128 -128 -128 -128 -128 
108459 17 771 78 0 2 -12 14 -1 10 34 13 
108556 27 768 78 0 2 -10 10 0 16 29 8 
108653 19 750 78 0 2 -9 9 5 20 28 26 
108739 13 665 78 2 4 -128 -128 -128 -128 -128 -128 
108851 12 874 76 0 2 -128 -128 -128 -128 -128 -128 
108948 17 763 76 0 2 -128 -128 -128 -128 -128 -128 
109047 15 772 78 0 2 -14 4 7 10 17 12 
109144 20 763 78 0 6 -7 13 4 2 18 12 
109241 18 755 78 0 6 -9 13 6 2 17 9 
109326 11 657 79 2 4 -128 -128 -128 -128 -128 -128 
109432 10 828 77 0 9 -128 -128 -128 -128 -128 -128 
109527 27 759 77 0 2 -128 -128 -128 -128 -128 -128 
109625 5 743 79 0 2 -6 17 2 29 38 42 
109722 8 761 79 0 2 -9 13 3 23 37 39 
109819 13 763 79 0 2 -10 9 2 18 40 33 
109903 11 654 79 2 4 -128 -128 -128 -128 -128 -128 
110015 32 896 78 0 6 -128 -128 -128 -128 -128 -128 
110114 24 766 77 0 2 -128 -128 -128 -128 -128 -128 
110215 16 781 78 0 2 6 23 -8 0 54 21 
110313 -4 745 79 0 3 -2 12 -6 -11 49 12 
110410 0 762 78 0 3 -3 13 -9 -18 44 11 
110497 4 684 79 2 4 -128 -128 -128 -128 -128 -128 
110604 2 834 77 0 3 -128 -128 -128 -128 -128 -128 
110700 7 755 77 0 3 -128 -128 -128 -128 -128 -128 
110796 0 743 79 0 3 -14 9 -3 8 34 37 
110891 4 746 79 0 3 -10 18 1 15 29 32 
110985 3 733 80 0 3 -10 17 1 15 34 33 
111081 -6 741 80 0 3 -12 15 0 13 33 32 
111179 -5 767 80 0 3 -15 12 0 13 32 30 
111279 -10 776 79 0 3 -14 13 0 13 33 31 
111380 1 800 79 0 3 -14 13 0 12 33 31 
111482 2 798 78 0 3 -14 12 0 12 33 30 
111586 -14 797 77 0 3 -14 12 0 11 33 30 
111664 7 630 77 2 4 -128 -128 -128 -128 -128 -128 
111785 4 942 76 0 3 -128 -128 -128 -128 -128 -128 
111888 -4 797 76 0 3 -128 -128 -128 -128 -128 -128 
111990 2 803 75 0 3 -13 12 -2 3 51 39 
112093 19 822 75 0 2 -16 8 -3 5 42 31 
112195 3 780 75 0 3 -13 6 -1 8 42 30 
112278 15 661 75 2 4 -128 -128 -128 -128 -128 -128 
112400 17 955 72 0 6 -128 -128 -128 -128 -128 -128 
112498 24 773 72 0 6 -128 -128 -128 -128 -128 -128 
112598 25 782 75 0 6 -15 1 -3 5 49 46 
112696 23 764 76 0 2 -14 3 1 9 52 35 
112794 19 761 76 0 2 -11 7 2 10 45 27 
112883 13 689 78 2 4 -128 -128 -128 -128 -128 -128 
112999 8 902 75 0 2 -128 -128 -128 -128 -128 -128 
113100 -2 779 75 0 3 -128 -128 -128 -128 -128 -128 
113203 2 808 77 0 3 -7 11 0 11 43 45 
113305 2 797 76 0 3 -9 10 0 10 39 39 
113383 14 622 77 2 4 -128 -128 -128 -128 -128 -128 
113512 14 1008 74 0 2 -128 -128 -128 -128 -128 -128 
113615 11 801 73 0 2 -128 -128 -128 -128 -128 -128 
113715 20 790 73 0 2 -24 -2 -1 10 48 20 
113817 14 791 75 0 2 -19 0 -1 10 47 19 
113916 -6 754 75 0 3 -14 4 -2 9 46 22 
114005 7 708 76 2 4 -128 -128 -128 -128 -128 -128 
114120 8 900 74 0 2 -128 -128 -128 -128 -128 -128 
114220 26 799 73 0 2 -128 -128 -128 -128 -128 -128 
114326 15 817 75 0 6 -11 6 2 16 56 42 
114432 16 829 74 0 2 -12 4 3 16 52 38 
114541 19 855 73 0 6 -10 5 1 14 54 34 
114614 5 556 74 2 4 -128 -128 -128 -128 -128 -128 
114763 24 1183 71 0 2 -128 -128 -128 -128 -128 -128 
114874 28 871 70 0 6 -128 -128 -128 -128 -128 -128 
114985 -9 830 71 0 3 -8 15 9 16 43 32 
115068 3 661 71 2 4 -128 -128 -128 -128 -128 -128 
